\BOOKMARK [0][-]{chapter.1}{\376\377\000I\000/\000O\177\026\172\013}{}% 1
\BOOKMARK [1][-]{section.1.1}{\376\377\133\127\202\202\155\101}{chapter.1}% 2
\BOOKMARK [1][-]{section.1.2}{\376\377\000c\000o\000l\000o\000r\000\040\000p\000u\000s\000h\000\040\000g\000r\000a\000y\000\040\0000\000c\000o\000l\000o\000r\000\040\000p\000o\000p\000`\000F\000i\000l\000e\000I\000n\000p\000u\000t\000S\000t\000r\000e\000a\000m\000`\000w\000g\000r\000a\000y\000c\000o\000l\000o\000r\000\040\000p\000u\000s\000h\000\040\000g\000r\000a\000y\000\040\0000\000c\000o\000l\000o\000r\000\040\000p\000o\000p\000t\000o\000w\000i\000d\000t\000h\000h\000e\000i\000g\000h\000t\000d\000e\000p\000t\000h\124\214\000c\000o\000l\000o\000r\000\040\000p\000u\000s\000h\000\040\000g\000r\000a\000y\000\040\0000\000c\000o\000l\000o\000r\000\040\000p\000o\000p\000`\000F\000i\000l\000e\000O\000u\000t\000p\000u\000t\000S\000t\000r\000e\000a\000m\000`\000w\000g\000r\000a\000y\000c\000o\000l\000o\000r\000\040\000p\000u\000s\000h\000\040\000g\000r\000a\000y\000\040\0000\000c\000o\000l\000o\000r\000\040\000p\000o\000p\000t\000o\000w\000i\000d\000t\000h\000h\000e\000i\000g\000h\000t\000d\000e\000p\000t\000h}{chapter.1}% 3
\BOOKMARK [2][-]{subsection.1.2.1}{\376\377\000c\000o\000l\000o\000r\000\040\000p\000u\000s\000h\000\040\000g\000r\000a\000y\000\040\0000\000c\000o\000l\000o\000r\000\040\000p\000o\000p\000`\000F\000i\000l\000e\000I\000n\000p\000u\000t\000S\000t\000r\000e\000a\000m\000`\000w\000g\000r\000a\000y\000c\000o\000l\000o\000r\000\040\000p\000u\000s\000h\000\040\000g\000r\000a\000y\000\040\0000\000c\000o\000l\000o\000r\000\040\000p\000o\000p\000t\000o\000w\000i\000d\000t\000h\000h\000e\000i\000g\000h\000t\000d\000e\000p\000t\000h}{section.1.2}% 4
\BOOKMARK [2][-]{subsection.1.2.2}{\376\377\000c\000o\000l\000o\000r\000\040\000p\000u\000s\000h\000\040\000g\000r\000a\000y\000\040\0000\000c\000o\000l\000o\000r\000\040\000p\000o\000p\000`\000F\000i\000l\000e\000O\000u\000t\000p\000u\000t\000S\000t\000r\000e\000a\000m\000`\000w\000g\000r\000a\000y\000c\000o\000l\000o\000r\000\040\000p\000u\000s\000h\000\040\000g\000r\000a\000y\000\040\0000\000c\000o\000l\000o\000r\000\040\000p\000o\000p\000t\000o\000w\000i\000d\000t\000h\000h\000e\000i\000g\000h\000t\000d\000e\000p\000t\000h}{section.1.2}% 5
\BOOKMARK [2][-]{subsection.1.2.3}{\376\377\150\110\117\213\377\032\145\207\116\366\142\367\215\035}{section.1.2}% 6
\BOOKMARK [2][-]{subsection.1.2.4}{\376\377\217\307\156\344\155\101}{section.1.2}% 7
\BOOKMARK [2][-]{subsection.1.2.5}{\376\377\000I\000/\000O\144\315\117\134\155\101\172\013}{section.1.2}% 8
\BOOKMARK [2][-]{subsection.1.2.6}{\376\377\177\023\121\262\155\101}{section.1.2}% 9
\BOOKMARK [2][-]{subsection.1.2.7}{\376\377\000c\000o\000l\000o\000r\000\040\000p\000u\000s\000h\000\040\000g\000r\000a\000y\000\040\0000\000c\000o\000l\000o\000r\000\040\000p\000o\000p\000`\000O\000b\000j\000e\000c\000t\000O\000u\000t\000P\000u\000t\000S\000t\000r\000e\000a\000m\000/\000O\000b\000j\000e\000c\000t\000I\000n\000p\000u\000t\000S\000t\000r\000e\000a\000m\000`\000w\000g\000r\000a\000y\000c\000o\000l\000o\000r\000\040\000p\000u\000s\000h\000\040\000g\000r\000a\000y\000\040\0000\000c\000o\000l\000o\000r\000\040\000p\000o\000p\000t\000o\000w\000i\000d\000t\000h\000h\000e\000i\000g\000h\000t\000d\000e\000p\000t\000h}{section.1.2}% 10
\BOOKMARK [2][-]{subsection.1.2.8}{\376\377\201\352\133\232\116\111\136\217\122\027\123\026\211\304\122\031}{section.1.2}% 11
\BOOKMARK [2][-]{subsection.1.2.9}{\376\377\221\315\131\015\136\217\122\027\123\026}{section.1.2}% 12
\BOOKMARK [2][-]{subsection.1.2.10}{\376\377\000c\000o\000l\000o\000r\000\040\000p\000u\000s\000h\000\040\000g\000r\000a\000y\000\040\0000\000c\000o\000l\000o\000r\000\040\000p\000o\000p\000`\000B\000y\000t\000e\000A\000r\000r\000a\000y\000O\000u\000t\000p\000u\000t\000S\000t\000r\000e\000a\000m\000`\000w\000g\000r\000a\000y\000c\000o\000l\000o\000r\000\040\000p\000u\000s\000h\000\040\000g\000r\000a\000y\000\040\0000\000c\000o\000l\000o\000r\000\040\000p\000o\000p\000t\000o\000w\000i\000d\000t\000h\000h\000e\000i\000g\000h\000t\000d\000e\000p\000t\000h}{section.1.2}% 13
\BOOKMARK [1][-]{section.1.3}{\376\377\133\127\173\046\155\101}{chapter.1}% 14
\BOOKMARK [2][-]{subsection.1.3.1}{\376\377\133\127\173\046\155\101\166\204\217\223\121\145\217\223\121\372\155\101}{section.1.3}% 15
\BOOKMARK [2][-]{subsection.1.3.2}{\376\377\133\127\202\202\155\101\217\154\133\127\173\046\155\101}{section.1.3}% 16
\BOOKMARK [1][-]{section.1.4}{\376\377\000c\000o\000l\000o\000r\000\040\000p\000u\000s\000h\000\040\000g\000r\000a\000y\000\040\0000\000c\000o\000l\000o\000r\000\040\000p\000o\000p\000`\000f\000i\000l\000e\000`\000w\000g\000r\000a\000y\000c\000o\000l\000o\000r\000\040\000p\000u\000s\000h\000\040\000g\000r\000a\000y\000\040\0000\000c\000o\000l\000o\000r\000\040\000p\000o\000p\000t\000o\000w\000i\000d\000t\000h\000h\000e\000i\000g\000h\000t\000d\000e\000p\000t\000h\174\173}{chapter.1}% 17
\BOOKMARK [2][-]{subsection.1.4.1}{\376\377\145\207\116\366\217\307\156\344\126\150}{section.1.4}% 18
\BOOKMARK [0][-]{chapter.2}{\376\377\000N\000I\000O}{}% 19
\BOOKMARK [1][-]{subsection.2.0.1}{\376\377\145\207\116\366\142\367\215\035}{chapter.2}% 20
