\BOOKMARK [0][-]{chapter.1}{\376\377\121\205\133\271\116\313\176\315\124\214\143\210\213\376\145\271\137\017}{}% 1
\BOOKMARK [1][-]{section.1.1}{\376\377\145\160\143\156\176\323\147\204\124\214\173\227\154\325\121\205\133\271\116\313\176\315}{chapter.1}% 2
\BOOKMARK [2][-]{subsection.1.1.1}{\376\377\176\317\121\170\173\227\154\325\227\142\213\325\230\230}{section.1.1}% 3
\BOOKMARK [0][-]{chapter.2}{\376\377\172\000\165\217\000s\000p\000a\000r\000s\000e\000a\000r\000r\000a\000y\145\160\176\304\124\214\226\037\122\027}{}% 4
\BOOKMARK [1][-]{section.2.1}{\376\377\172\000\165\217\145\160\176\304}{chapter.2}% 5
\BOOKMARK [2][-]{subsection.2.1.1}{\376\377\136\224\165\050\127\072\146\157}{section.2.1}% 6
\BOOKMARK [2][-]{subsection.2.1.2}{\376\377\172\000\165\217\145\160\176\304\166\204\131\004\164\006\145\271\154\325}{section.2.1}% 7
\BOOKMARK [2][-]{subsection.2.1.3}{\376\377\116\214\176\364\145\160\176\304\217\154\172\000\165\217\145\160\176\304}{section.2.1}% 8
\BOOKMARK [2][-]{subsection.2.1.4}{\376\377\172\000\165\217\145\160\176\304\217\154\116\214\176\364\145\160\176\304}{section.2.1}% 9
\BOOKMARK [2][-]{subsection.2.1.5}{\376\377\116\343\170\001\133\236\163\260}{section.2.1}% 10
\BOOKMARK [1][-]{section.2.2}{\376\377\226\037\122\027}{chapter.2}% 11
\BOOKMARK [2][-]{subsection.2.2.1}{\376\377\116\313\176\315}{section.2.2}% 12
\BOOKMARK [2][-]{subsection.2.2.2}{\376\377\145\160\176\304\152\041\142\337\226\037\122\027}{section.2.2}% 13
\BOOKMARK [2][-]{subsection.2.2.3}{\376\377\145\160\176\304\152\041\142\337\163\257\137\142\226\037\122\027}{section.2.2}% 14
\BOOKMARK [2][-]{subsection.2.2.4}{\376\377\163\257\137\142\226\037\122\027\166\204\116\343\170\001\133\236\163\260}{section.2.2}% 15
\BOOKMARK [0][-]{chapter.3}{\376\377\224\376\210\150}{}% 16
\BOOKMARK [1][-]{section.3.1}{\376\377\123\125\224\376\210\150}{chapter.3}% 17
\BOOKMARK [2][-]{subsection.3.1.1}{\376\377\116\343\170\001\133\236\163\260}{section.3.1}% 18
\BOOKMARK [2][-]{subsection.3.1.2}{\376\377\123\125\224\376\210\150\166\204\227\142\213\325\230\230}{section.3.1}% 19
\BOOKMARK [1][-]{section.3.2}{\376\377\123\314\124\021\224\376\210\150}{chapter.3}% 20
\BOOKMARK [2][-]{subsection.3.2.1}{\376\377\162\171\160\271}{section.3.2}% 21
\BOOKMARK [2][-]{subsection.3.2.2}{\376\377\116\343\170\001\133\236\163\260}{section.3.2}% 22
\BOOKMARK [1][-]{section.3.3}{\376\377\123\125\124\021\163\257\137\142\224\376\210\150}{chapter.3}% 23
\BOOKMARK [2][-]{subsection.3.3.1}{\376\377\136\224\165\050\127\072\146\157\000-\176\246\164\137\131\053\225\356\230\230}{section.3.3}% 24
\BOOKMARK [2][-]{subsection.3.3.2}{\376\377\116\343\170\001\133\236\163\260}{section.3.3}% 25
\BOOKMARK [0][-]{chapter.4}{\376\377\150\010}{}% 26
\BOOKMARK [1][-]{section.4.1}{\376\377\150\010\166\204\167\345\213\306}{chapter.4}% 27
\BOOKMARK [1][-]{section.4.2}{\376\377\150\010\166\204\136\224\165\050\127\072\146\157}{chapter.4}% 28
\BOOKMARK [1][-]{section.4.3}{\376\377\116\343\170\001\133\236\163\260}{chapter.4}% 29
\BOOKMARK [2][-]{subsection.4.3.1}{\376\377\140\035\215\357\122\006\147\220}{section.4.3}% 30
\BOOKMARK [2][-]{subsection.4.3.2}{\376\377\145\160\176\304\133\236\163\260}{section.4.3}% 31
\BOOKMARK [2][-]{subsection.4.3.3}{\376\377\123\125\224\376\210\150\133\236\163\260}{section.4.3}% 32
\BOOKMARK [1][-]{section.4.4}{\376\377\150\010\133\236\163\260\176\374\124\010\213\241\173\227\126\150}{chapter.4}% 33
\BOOKMARK [2][-]{subsection.4.4.1}{\376\377\116\343\170\001\133\236\163\260}{section.4.4}% 34
\BOOKMARK [1][-]{section.4.5}{\376\377\150\010\136\224\165\050\040\023\220\006\154\342\121\160\210\150\217\276\137\017}{chapter.4}% 35
\BOOKMARK [2][-]{subsection.4.5.1}{\376\377\220\006\154\342\121\160\210\150\217\276\137\017\116\343\170\001\166\204\133\236\163\260}{section.4.5}% 36
\BOOKMARK [2][-]{subsection.4.5.2}{\376\377\116\055\177\000\210\150\217\276\137\017\217\154\124\016\177\000\210\150\217\276\137\017}{section.4.5}% 37
\BOOKMARK [0][-]{chapter.5}{\376\377\220\022\137\122}{}% 38
\BOOKMARK [1][-]{section.5.1}{\376\377\217\367\133\253\225\356\230\230}{chapter.5}% 39
\BOOKMARK [1][-]{section.5.2}{\376\377\121\153\166\207\124\016\225\356\230\230}{chapter.5}% 40
\BOOKMARK [2][-]{subsection.5.2.1}{\376\377\140\035\215\357\122\006\147\220}{section.5.2}% 41
\BOOKMARK [2][-]{subsection.5.2.2}{\376\377\116\343\170\001\133\236\163\260}{section.5.2}% 42
\BOOKMARK [0][-]{chapter.6}{\376\377\143\222\136\217\173\227\154\325}{}% 43
\BOOKMARK [1][-]{section.6.1}{\376\377\121\222\154\341\143\222\136\217}{chapter.6}% 44
\BOOKMARK [2][-]{subsection.6.1.1}{\376\377\116\343\170\001\133\236\163\260}{section.6.1}% 45
\BOOKMARK [1][-]{section.6.2}{\376\377\220\011\142\351\143\222\136\217}{chapter.6}% 46
\BOOKMARK [2][-]{subsection.6.2.1}{\376\377\116\343\170\001\133\236\163\260}{section.6.2}% 47
\BOOKMARK [1][-]{section.6.3}{\376\377\143\322\121\145\143\222\136\217}{chapter.6}% 48
\BOOKMARK [2][-]{subsection.6.3.1}{\376\377\116\343\170\001\133\236\163\260}{section.6.3}% 49
\BOOKMARK [1][-]{section.6.4}{\376\377\136\014\134\024\143\222\136\217}{chapter.6}% 50
\BOOKMARK [2][-]{subsection.6.4.1}{\376\377\116\343\170\001\133\236\163\260}{section.6.4}% 51
\BOOKMARK [1][-]{section.6.5}{\376\377\137\353\220\037\143\222\136\217}{chapter.6}% 52
\BOOKMARK [2][-]{subsection.6.5.1}{\376\377\116\343\170\001\133\236\163\260}{section.6.5}% 53
\BOOKMARK [1][-]{section.6.6}{\376\377\137\122\136\166\143\222\136\217}{chapter.6}% 54
\BOOKMARK [2][-]{subsection.6.6.1}{\376\377\116\343\170\001\133\236\163\260}{section.6.6}% 55
\BOOKMARK [1][-]{section.6.7}{\376\377\127\372\145\160\143\222\136\217}{chapter.6}% 56
\BOOKMARK [2][-]{subsection.6.7.1}{\376\377\116\343\170\001\133\236\163\260}{section.6.7}% 57
\BOOKMARK [1][-]{section.6.8}{\376\377\130\006\143\222\136\217}{chapter.6}% 58
\BOOKMARK [2][-]{subsection.6.8.1}{\376\377\130\006}{section.6.8}% 59
\BOOKMARK [2][-]{subsection.6.8.2}{\376\377\130\006\143\222\136\217\166\204\127\372\147\054\140\035\140\363}{section.6.8}% 60
\BOOKMARK [2][-]{subsection.6.8.3}{\376\377\142\171\221\317\147\204\220\040\116\214\123\311\130\006}{section.6.8}% 61
\BOOKMARK [2][-]{subsection.6.8.4}{\376\377\116\343\170\001\133\236\163\260}{section.6.8}% 62
\BOOKMARK [0][-]{chapter.7}{\376\377\147\345\142\176\166\370\121\163\173\227\154\325}{}% 63
\BOOKMARK [1][-]{section.7.1}{\376\377\230\172\136\217\147\345\142\176}{chapter.7}% 64
\BOOKMARK [2][-]{subsection.7.1.1}{\376\377\116\343\170\001\133\236\163\260}{section.7.1}% 65
\BOOKMARK [1][-]{section.7.2}{\376\377\116\214\122\006\147\345\142\176}{chapter.7}% 66
\BOOKMARK [2][-]{subsection.7.2.1}{\376\377\211\201\154\102}{section.7.2}% 67
\BOOKMARK [2][-]{subsection.7.2.2}{\376\377\116\343\170\001\133\236\163\260}{section.7.2}% 68
\BOOKMARK [1][-]{section.7.3}{\376\377\143\322\120\074\147\345\142\176\173\227\154\325}{chapter.7}% 69
\BOOKMARK [2][-]{subsection.7.3.1}{\376\377\154\350\141\017\116\213\230\171}{section.7.3}% 70
\BOOKMARK [2][-]{subsection.7.3.2}{\376\377\116\343\170\001\133\236\163\260}{section.7.3}% 71
\BOOKMARK [1][-]{section.7.4}{\376\377\145\220\154\342\220\243\131\121\377\010\236\304\221\321\122\006\122\162\377\011\147\345\142\176\173\227\154\325}{chapter.7}% 72
\BOOKMARK [2][-]{subsection.7.4.1}{\376\377\116\343\170\001\133\236\163\260}{section.7.4}% 73
\BOOKMARK [0][-]{chapter.8}{\376\377\124\310\136\014\210\150\377\010\145\143\122\027\210\150\377\011\000h\000a\000s\000h}{}% 74
\BOOKMARK [1][-]{subsection.8.0.1}{\376\377\145\143\122\027\121\375\145\160}{chapter.8}% 75
\BOOKMARK [1][-]{section.8.1}{\376\377\116\343\170\001\133\236\163\260}{chapter.8}% 76
\BOOKMARK [0][-]{chapter.9}{\376\377\150\021}{}% 77
\BOOKMARK [1][-]{section.9.1}{\376\377\136\070\165\050\147\057\213\355}{chapter.9}% 78
\BOOKMARK [1][-]{section.9.2}{\376\377\116\214\123\311\150\021}{chapter.9}% 79
\BOOKMARK [2][-]{subsection.9.2.1}{\376\377\116\214\123\311\150\021\166\204\220\115\123\206}{section.9.2}% 80
\BOOKMARK [2][-]{subsection.9.2.2}{\376\377\147\345\142\176\143\007\133\232\202\202\160\271}{section.9.2}% 81
\BOOKMARK [2][-]{subsection.9.2.3}{\376\377\122\040\226\144\202\202\160\271}{section.9.2}% 82
\BOOKMARK [1][-]{section.9.3}{\376\377\230\172\136\217\133\130\120\250\116\214\123\311\150\021}{chapter.9}% 83
\BOOKMARK [2][-]{subsection.9.3.1}{\376\377\230\172\136\217\133\130\120\250\116\214\123\311\150\021\166\204\162\171\160\271}{section.9.3}% 84
\BOOKMARK [2][-]{subsection.9.3.2}{\376\377\116\343\170\001\133\236\163\260}{section.9.3}% 85
\BOOKMARK [1][-]{section.9.4}{\376\377\176\277\175\042\123\026\116\214\123\311\150\021}{chapter.9}% 86
\BOOKMARK [2][-]{subsection.9.4.1}{\376\377\127\372\147\054\116\313\176\315}{section.9.4}% 87
\BOOKMARK [2][-]{subsection.9.4.2}{\376\377\116\055\136\217\176\277\175\042\116\214\123\311\150\021}{section.9.4}% 88
\BOOKMARK [2][-]{subsection.9.4.3}{\376\377\116\343\170\001\133\236\163\260}{section.9.4}% 89
\BOOKMARK [2][-]{subsection.9.4.4}{\376\377\176\277\175\042\123\026\116\214\123\311\150\021\166\204\220\115\123\206}{section.9.4}% 90
\BOOKMARK [0][-]{chapter.10}{\376\377\215\153\131\053\146\374\150\021}{}% 91
\BOOKMARK [1][-]{section.10.1}{\376\377\215\153\131\053\146\374\150\021\133\236\117\213}{chapter.10}% 92
\BOOKMARK [1][-]{section.10.2}{\376\377\116\343\170\001\133\236\163\260}{chapter.10}% 93
\BOOKMARK [1][-]{section.10.3}{\376\377\215\153\131\053\146\374\177\026\170\001}{chapter.10}% 94
\BOOKMARK [2][-]{subsection.10.3.1}{\376\377\145\160\143\156\123\213\177\051}{section.10.3}% 95
\BOOKMARK [2][-]{subsection.10.3.2}{\376\377\211\343\123\213\177\051}{section.10.3}% 96
\BOOKMARK [2][-]{subsection.10.3.3}{\376\377\145\207\116\366\166\204\123\213\177\051\116\016\211\343\123\213\177\051}{section.10.3}% 97
\BOOKMARK [0][-]{chapter.11}{\376\377\116\214\123\311\143\222\136\217\150\021}{}% 98
\BOOKMARK [1][-]{section.11.1}{\376\377\116\214\123\311\143\222\136\217\150\021\166\204\122\033\136\372\124\214\220\115\123\206}{chapter.11}% 99
\BOOKMARK [1][-]{section.11.2}{\376\377\116\343\170\001\133\236\163\260}{chapter.11}% 100
\BOOKMARK [1][-]{section.11.3}{\376\377\116\214\123\311\143\222\136\217\150\021\202\202\160\271\166\204\122\040\226\144}{chapter.11}% 101
\BOOKMARK [2][-]{subsection.11.3.1}{\376\377\140\035\215\357}{section.11.3}% 102
\BOOKMARK [2][-]{subsection.11.3.2}{\376\377\116\343\170\001\133\236\163\260}{section.11.3}% 103
\BOOKMARK [0][-]{chapter.12}{\376\377\136\163\210\141\116\214\123\311\150\021\377\032\000A\000V\000L\150\021}{}% 104
\BOOKMARK [1][-]{section.12.1}{\376\377\151\202\137\365}{chapter.12}% 105
\BOOKMARK [1][-]{section.12.2}{\376\377\135\346\145\313\000-\000z\000a\000g}{chapter.12}% 106
\BOOKMARK [2][-]{subsection.12.2.1}{\376\377\140\035\215\357}{section.12.2}% 107
\BOOKMARK [2][-]{subsection.12.2.2}{\376\377\116\343\170\001\133\236\163\260}{section.12.2}% 108
\BOOKMARK [0][-]{chapter.13}{\376\377\131\032\215\357\147\345\142\176\150\021\000-\000B\150\021}{}% 109
\BOOKMARK [1][-]{section.13.1}{\376\377\000B\150\021}{chapter.13}% 110
\BOOKMARK [1][-]{section.13.2}{\376\377\0002\000-\0003\150\021}{chapter.13}% 111
\BOOKMARK [0][-]{chapter.14}{\376\377\126\376}{}% 112
\BOOKMARK [1][-]{section.14.1}{\376\377\136\070\165\050\151\202\137\365}{chapter.14}% 113
\BOOKMARK [1][-]{section.14.2}{\376\377\126\376\166\204\210\150\171\072\145\271\137\017}{chapter.14}% 114
\BOOKMARK [1][-]{section.14.3}{\376\377\126\376\166\204\116\343\170\001\133\236\163\260}{chapter.14}% 115
\BOOKMARK [1][-]{section.14.4}{\376\377\126\376\166\204\220\115\123\206}{chapter.14}% 116
\BOOKMARK [2][-]{subsection.14.4.1}{\376\377\155\361\136\246\117\030\121\110\220\115\123\206}{section.14.4}% 117
\BOOKMARK [2][-]{subsection.14.4.2}{\376\377\116\343\170\001\133\236\163\260}{section.14.4}% 118
\BOOKMARK [1][-]{section.14.5}{\376\377\136\177\136\246\117\030\121\110\220\115\123\206\000B\000F\000S\000\050\000B\000r\000o\000a\000d\000F\000i\000r\000s\000t\000\040\000S\000e\000a\000r\000c\000h\000\051}{chapter.14}% 119
\BOOKMARK [2][-]{subsection.14.5.1}{\376\377\173\227\154\325\153\145\232\244}{section.14.5}% 120
\BOOKMARK [2][-]{subsection.14.5.2}{\376\377\116\343\170\001\133\236\163\260}{section.14.5}% 121
\BOOKMARK [1][-]{section.14.6}{\376\377\126\376\166\204\121\150\220\350\116\343\170\001\154\107\140\073}{chapter.14}% 122
\BOOKMARK [0][-]{chapter.15}{\376\377\136\070\165\050\166\204\173\227\154\325}{}% 123
\BOOKMARK [1][-]{section.15.1}{\376\377\116\214\122\006\147\345\142\176\173\227\154\325\040\023\227\136\220\022\137\122\133\236\163\260}{chapter.15}% 124
\BOOKMARK [2][-]{subsection.15.1.1}{\376\377\116\343\170\001\133\236\163\260}{section.15.1}% 125
\BOOKMARK [1][-]{section.15.2}{\376\377\122\006\154\273\173\227\154\325}{chapter.15}% 126
\BOOKMARK [2][-]{subsection.15.2.1}{\376\377\122\006\154\273\173\227\154\325\166\204\153\145\232\244}{section.15.2}% 127
\BOOKMARK [2][-]{subsection.15.2.2}{\376\377\213\276\213\241\152\041\137\017}{section.15.2}% 128
\BOOKMARK [2][-]{subsection.15.2.3}{\376\377\122\006\154\273\173\227\154\325\150\110\117\213\040\023\154\111\213\372\130\124}{section.15.2}% 129
\BOOKMARK [1][-]{section.15.3}{\376\377\122\250\140\001\211\304\122\022\173\227\154\325}{chapter.15}% 130
\BOOKMARK [2][-]{subsection.15.3.1}{\376\377\173\227\154\325\116\313\176\315}{section.15.3}% 131
\BOOKMARK [2][-]{subsection.15.3.2}{\376\377\176\317\121\170\150\110\117\213\040\023\200\314\123\005\225\356\230\230}{section.15.3}% 132
\BOOKMARK [1][-]{section.15.4}{\376\377\116\062\123\071\221\115\173\227\154\325}{chapter.15}% 133
\BOOKMARK [2][-]{subsection.15.4.1}{\376\377\146\264\122\233\123\071\221\115\173\227\154\325}{section.15.4}% 134
\BOOKMARK [2][-]{subsection.15.4.2}{\376\377\000K\000M\000P\173\227\154\325}{section.15.4}% 135
\BOOKMARK [1][-]{section.15.5}{\376\377\215\052\137\303\173\227\154\325}{chapter.15}% 136
\BOOKMARK [2][-]{subsection.15.5.1}{\376\377\173\227\154\325\116\313\176\315}{section.15.5}% 137
\BOOKMARK [2][-]{subsection.15.5.2}{\376\377\136\224\165\050\127\072\146\157}{section.15.5}% 138
\BOOKMARK [1][-]{section.15.6}{\376\377\147\000\134\017\165\037\142\020\150\021\166\370\121\163\173\227\154\325}{chapter.15}% 139
\BOOKMARK [2][-]{subsection.15.6.1}{\376\377\147\000\134\017\165\037\142\020\150\021}{section.15.6}% 140
\BOOKMARK [2][-]{subsection.15.6.2}{\376\377\136\224\165\050\127\072\146\157}{section.15.6}% 141
\BOOKMARK [2][-]{subsection.15.6.3}{\376\377\146\156\122\051\131\306\173\227\154\325}{section.15.6}% 142
\BOOKMARK [2][-]{subsection.15.6.4}{\376\377\121\113\234\201\145\257\123\141\134\024\173\227\154\325}{section.15.6}% 143
\BOOKMARK [1][-]{section.15.7}{\376\377\147\000\167\355\215\357\137\204\166\370\121\163\173\227\154\325}{chapter.15}% 144
\BOOKMARK [2][-]{subsection.15.7.1}{\376\377\217\352\147\160\145\257\162\171\142\311\000\050\000D\000i\000j\000k\000s\000t\000r\000a\000\051\173\227\154\325}{section.15.7}% 145
\BOOKMARK [2][-]{subsection.15.7.2}{\376\377\117\133\155\033\117\235\137\267\173\227\154\325}{section.15.7}% 146
