\BOOKMARK [0][-]{chapter.1}{\376\377\176\277\172\013\151\202\217\360}{}% 1
\BOOKMARK [1][-]{section.1.1}{\376\377\176\277\172\013\166\370\121\163\151\202\137\365}{chapter.1}% 2
\BOOKMARK [2][-]{subsection.1.1.1}{\376\377\217\333\172\013}{section.1.1}% 3
\BOOKMARK [2][-]{subsection.1.1.2}{\376\377\176\277\172\013}{section.1.1}% 4
\BOOKMARK [2][-]{subsection.1.1.3}{\376\377\116\073\176\277\172\013\124\214\133\120\176\277\172\013}{section.1.1}% 5
\BOOKMARK [2][-]{subsection.1.1.4}{\376\377\116\062\210\114\060\001\136\166\123\321\124\214\136\166\210\114}{section.1.1}% 6
\BOOKMARK [1][-]{section.1.2}{\376\377\176\277\172\013\166\204\122\033\136\372\116\016\124\057\122\250}{chapter.1}% 7
\BOOKMARK [1][-]{section.1.3}{\376\377\176\277\172\013\166\204\136\070\165\050\145\271\154\325}{chapter.1}% 8
\BOOKMARK [2][-]{subsection.1.3.1}{\376\377\000c\000o\000l\000o\000r\000\040\000p\000u\000s\000h\000\040\000g\000r\000a\000y\000\040\0000\000c\000o\000l\000o\000r\000\040\000p\000o\000p\000`\000c\000u\000r\000r\000e\000n\000t\000T\000h\000r\000e\000a\000d\000\050\000\051\000`\000w\000g\000r\000a\000y\000c\000o\000l\000o\000r\000\040\000p\000u\000s\000h\000\040\000g\000r\000a\000y\000\040\0000\000c\000o\000l\000o\000r\000\040\000p\000o\000p\000t\000o\000w\000i\000d\000t\000h\000h\000e\000i\000g\000h\000t\000d\000e\000p\000t\000h\145\271\154\325}{section.1.3}% 9
\BOOKMARK [2][-]{subsection.1.3.2}{\376\377\000c\000o\000l\000o\000r\000\040\000p\000u\000s\000h\000\040\000g\000r\000a\000y\000\040\0000\000c\000o\000l\000o\000r\000\040\000p\000o\000p\000`\000s\000e\000t\000N\000a\000m\000e\000\050\000\051\000/\000g\000e\000t\000N\000a\000m\000e\000\050\000\051\000`\000w\000g\000r\000a\000y\000c\000o\000l\000o\000r\000\040\000p\000u\000s\000h\000\040\000g\000r\000a\000y\000\040\0000\000c\000o\000l\000o\000r\000\040\000p\000o\000p\000t\000o\000w\000i\000d\000t\000h\000h\000e\000i\000g\000h\000t\000d\000e\000p\000t\000h}{section.1.3}% 10
\BOOKMARK [2][-]{subsection.1.3.3}{\376\377\000c\000o\000l\000o\000r\000\040\000p\000u\000s\000h\000\040\000g\000r\000a\000y\000\040\0000\000c\000o\000l\000o\000r\000\040\000p\000o\000p\000`\000i\000s\000A\000l\000i\000v\000e\000\050\000\051\000`\000w\000g\000r\000a\000y\000c\000o\000l\000o\000r\000\040\000p\000u\000s\000h\000\040\000g\000r\000a\000y\000\040\0000\000c\000o\000l\000o\000r\000\040\000p\000o\000p\000t\000o\000w\000i\000d\000t\000h\000h\000e\000i\000g\000h\000t\000d\000e\000p\000t\000h}{section.1.3}% 11
\BOOKMARK [2][-]{subsection.1.3.4}{\376\377\000c\000o\000l\000o\000r\000\040\000p\000u\000s\000h\000\040\000g\000r\000a\000y\000\040\0000\000c\000o\000l\000o\000r\000\040\000p\000o\000p\000`\000s\000l\000e\000e\000p\000\050\000\051\000`\000w\000g\000r\000a\000y\000c\000o\000l\000o\000r\000\040\000p\000u\000s\000h\000\040\000g\000r\000a\000y\000\040\0000\000c\000o\000l\000o\000r\000\040\000p\000o\000p\000t\000o\000w\000i\000d\000t\000h\000h\000e\000i\000g\000h\000t\000d\000e\000p\000t\000h}{section.1.3}% 12
\BOOKMARK [2][-]{subsection.1.3.5}{\376\377\000c\000o\000l\000o\000r\000\040\000p\000u\000s\000h\000\040\000g\000r\000a\000y\000\040\0000\000c\000o\000l\000o\000r\000\040\000p\000o\000p\000`\000g\000e\000t\000I\000d\000\050\000\051\000`\000w\000g\000r\000a\000y\000c\000o\000l\000o\000r\000\040\000p\000u\000s\000h\000\040\000g\000r\000a\000y\000\040\0000\000c\000o\000l\000o\000r\000\040\000p\000o\000p\000t\000o\000w\000i\000d\000t\000h\000h\000e\000i\000g\000h\000t\000d\000e\000p\000t\000h}{section.1.3}% 13
\BOOKMARK [2][-]{subsection.1.3.6}{\376\377\000c\000o\000l\000o\000r\000\040\000p\000u\000s\000h\000\040\000g\000r\000a\000y\000\040\0000\000c\000o\000l\000o\000r\000\040\000p\000o\000p\000`\000y\000i\000e\000l\000d\000\050\000\051\000`\000w\000g\000r\000a\000y\000c\000o\000l\000o\000r\000\040\000p\000u\000s\000h\000\040\000g\000r\000a\000y\000\040\0000\000c\000o\000l\000o\000r\000\040\000p\000o\000p\000t\000o\000w\000i\000d\000t\000h\000h\000e\000i\000g\000h\000t\000d\000e\000p\000t\000h}{section.1.3}% 14
\BOOKMARK [2][-]{subsection.1.3.7}{\376\377\000c\000o\000l\000o\000r\000\040\000p\000u\000s\000h\000\040\000g\000r\000a\000y\000\040\0000\000c\000o\000l\000o\000r\000\040\000p\000o\000p\000`\000s\000e\000t\000P\000r\000i\000o\000r\000i\000t\000y\000\050\000\051\000`\000w\000g\000r\000a\000y\000c\000o\000l\000o\000r\000\040\000p\000u\000s\000h\000\040\000g\000r\000a\000y\000\040\0000\000c\000o\000l\000o\000r\000\040\000p\000o\000p\000t\000o\000w\000i\000d\000t\000h\000h\000e\000i\000g\000h\000t\000d\000e\000p\000t\000h}{section.1.3}% 15
\BOOKMARK [2][-]{subsection.1.3.8}{\376\377\000c\000o\000l\000o\000r\000\040\000p\000u\000s\000h\000\040\000g\000r\000a\000y\000\040\0000\000c\000o\000l\000o\000r\000\040\000p\000o\000p\000`\000i\000n\000t\000e\000r\000r\000u\000p\000t\000\050\000\051\000`\000w\000g\000r\000a\000y\000c\000o\000l\000o\000r\000\040\000p\000u\000s\000h\000\040\000g\000r\000a\000y\000\040\0000\000c\000o\000l\000o\000r\000\040\000p\000o\000p\000t\000o\000w\000i\000d\000t\000h\000h\000e\000i\000g\000h\000t\000d\000e\000p\000t\000h}{section.1.3}% 16
\BOOKMARK [2][-]{subsection.1.3.9}{\376\377\000c\000o\000l\000o\000r\000\040\000p\000u\000s\000h\000\040\000g\000r\000a\000y\000\040\0000\000c\000o\000l\000o\000r\000\040\000p\000o\000p\000`\000s\000e\000t\000D\000a\000e\000m\000o\000n\000\050\000\051\000`\000w\000g\000r\000a\000y\000c\000o\000l\000o\000r\000\040\000p\000u\000s\000h\000\040\000g\000r\000a\000y\000\040\0000\000c\000o\000l\000o\000r\000\040\000p\000o\000p\000t\000o\000w\000i\000d\000t\000h\000h\000e\000i\000g\000h\000t\000d\000e\000p\000t\000h}{section.1.3}% 17
\BOOKMARK [1][-]{section.1.4}{\376\377\176\277\172\013\166\204\165\037\124\175\124\150\147\037}{chapter.1}% 18
\BOOKMARK [1][-]{section.1.5}{\376\377\131\032\176\277\172\013\177\026\172\013\166\204\117\030\122\277\116\016\133\130\127\050\166\204\230\316\226\151}{chapter.1}% 19
\BOOKMARK [2][-]{subsection.1.5.1}{\376\377\117\030\122\277}{section.1.5}% 20
\BOOKMARK [2][-]{subsection.1.5.2}{\376\377\230\316\226\151}{section.1.5}% 21
\BOOKMARK [0][-]{chapter.2}{\376\377\176\277\172\013\133\211\121\150\225\356\230\230}{}% 22
\BOOKMARK [1][-]{section.2.1}{\376\377\123\237\133\120\140\047}{chapter.2}% 23
\BOOKMARK [1][-]{section.2.2}{\376\377\123\357\211\301\140\047}{chapter.2}% 24
\BOOKMARK [1][-]{section.2.3}{\376\377\147\011\136\217\140\047}{chapter.2}% 25
\BOOKMARK [2][-]{subsection.2.3.1}{\376\377\221\315\143\222\136\217}{section.2.3}% 26
\BOOKMARK [2][-]{subsection.2.3.2}{\376\377\143\007\116\344\221\315\143\222\136\217}{section.2.3}% 27
\BOOKMARK [2][-]{subsection.2.3.3}{\376\377\214\214\117\074\116\062\210\114\213\355\116\111}{section.2.3}% 28
\BOOKMARK [1][-]{section.2.4}{\376\377\000J\000a\000v\000a\121\205\133\130\152\041\127\213}{chapter.2}% 29
\BOOKMARK [0][-]{chapter.3}{\376\377\176\277\172\013\124\014\153\145}{}% 30
\BOOKMARK [1][-]{section.3.1}{\376\377\176\277\172\013\124\014\153\145\147\072\122\066\173\200\116\313}{chapter.3}% 31
\BOOKMARK [1][-]{section.3.2}{\376\377\225\001}{chapter.3}% 32
\BOOKMARK [2][-]{subsection.3.2.1}{\376\377\225\001\166\204\117\134\165\050}{section.3.2}% 33
\BOOKMARK [2][-]{subsection.3.2.2}{\376\377\225\001\166\370\121\163\166\204\151\202\137\365}{section.3.2}% 34
\BOOKMARK [1][-]{section.3.3}{\376\377\121\205\220\350\225\001\377\032\000c\000o\000l\000o\000r\000\040\000p\000u\000s\000h\000\040\000g\000r\000a\000y\000\040\0000\000c\000o\000l\000o\000r\000\040\000p\000o\000p\000`\000s\000y\000n\000c\000h\000r\000o\000n\000i\000z\000e\000d\000`\000w\000g\000r\000a\000y\000c\000o\000l\000o\000r\000\040\000p\000u\000s\000h\000\040\000g\000r\000a\000y\000\040\0000\000c\000o\000l\000o\000r\000\040\000p\000o\000p\000t\000o\000w\000i\000d\000t\000h\000h\000e\000i\000g\000h\000t\000d\000e\000p\000t\000h\121\163\225\056\133\127}{chapter.3}% 35
\BOOKMARK [2][-]{subsection.3.3.1}{\376\377\000c\000o\000l\000o\000r\000\040\000p\000u\000s\000h\000\040\000g\000r\000a\000y\000\040\0000\000c\000o\000l\000o\000r\000\040\000p\000o\000p\000`\000s\000y\000n\000c\000h\000r\000o\000n\000i\000z\000e\000d\000`\000w\000g\000r\000a\000y\000c\000o\000l\000o\000r\000\040\000p\000u\000s\000h\000\040\000g\000r\000a\000y\000\040\0000\000c\000o\000l\000o\000r\000\040\000p\000o\000p\000t\000o\000w\000i\000d\000t\000h\000h\000e\000i\000g\000h\000t\000d\000e\000p\000t\000h\124\014\153\145\116\343\170\001\127\127}{section.3.3}% 36
\BOOKMARK [2][-]{subsection.3.3.2}{\376\377\000c\000o\000l\000o\000r\000\040\000p\000u\000s\000h\000\040\000g\000r\000a\000y\000\040\0000\000c\000o\000l\000o\000r\000\040\000p\000o\000p\000`\000s\000y\000n\000c\000h\000r\000o\000n\000i\000z\000e\000d\000`\000w\000g\000r\000a\000y\000c\000o\000l\000o\000r\000\040\000p\000u\000s\000h\000\040\000g\000r\000a\000y\000\040\0000\000c\000o\000l\000o\000r\000\040\000p\000o\000p\000t\000o\000w\000i\000d\000t\000h\000h\000e\000i\000g\000h\000t\000d\000e\000p\000t\000h\117\356\231\160\133\236\117\213\145\271\154\325}{section.3.3}% 37
\BOOKMARK [2][-]{subsection.3.3.3}{\376\377\000c\000o\000l\000o\000r\000\040\000p\000u\000s\000h\000\040\000g\000r\000a\000y\000\040\0000\000c\000o\000l\000o\000r\000\040\000p\000o\000p\000`\000s\000y\000n\000c\000h\000r\000o\000n\000i\000z\000e\000d\000`\000w\000g\000r\000a\000y\000c\000o\000l\000o\000r\000\040\000p\000u\000s\000h\000\040\000g\000r\000a\000y\000\040\0000\000c\000o\000l\000o\000r\000\040\000p\000o\000p\000t\000o\000w\000i\000d\000t\000h\000h\000e\000i\000g\000h\000t\000d\000e\000p\000t\000h\117\356\231\160\174\173\145\271\154\325}{section.3.3}% 38
\BOOKMARK [2][-]{subsection.3.3.4}{\376\377\176\277\172\013\137\002\136\070}{section.3.3}% 39
\BOOKMARK [2][-]{subsection.3.3.5}{\376\377\153\173\225\001}{section.3.3}% 40
\BOOKMARK [1][-]{section.3.4}{\376\377\217\173\221\317\176\247\124\014\153\145\147\072\122\066\000c\000o\000l\000o\000r\000\040\000p\000u\000s\000h\000\040\000g\000r\000a\000y\000\040\0000\000c\000o\000l\000o\000r\000\040\000p\000o\000p\000`\000v\000o\000l\000a\000t\000i\000v\000e\000`\000w\000g\000r\000a\000y\000c\000o\000l\000o\000r\000\040\000p\000u\000s\000h\000\040\000g\000r\000a\000y\000\040\0000\000c\000o\000l\000o\000r\000\040\000p\000o\000p\000t\000o\000w\000i\000d\000t\000h\000h\000e\000i\000g\000h\000t\000d\000e\000p\000t\000h\121\163\225\056\133\127}{chapter.3}% 41
\BOOKMARK [2][-]{subsection.3.4.1}{\376\377\000c\000o\000l\000o\000r\000\040\000p\000u\000s\000h\000\040\000g\000r\000a\000y\000\040\0000\000c\000o\000l\000o\000r\000\040\000p\000o\000p\000`\000v\000o\000l\000a\000t\000i\000v\000e\000`\000w\000g\000r\000a\000y\000c\000o\000l\000o\000r\000\040\000p\000u\000s\000h\000\040\000g\000r\000a\000y\000\040\0000\000c\000o\000l\000o\000r\000\040\000p\000o\000p\000t\000o\000w\000i\000d\000t\000h\000h\000e\000i\000g\000h\000t\000d\000e\000p\000t\000h\166\204\117\134\165\050}{section.3.4}% 42
\BOOKMARK [2][-]{subsection.3.4.2}{\376\377\000c\000o\000l\000o\000r\000\040\000p\000u\000s\000h\000\040\000g\000r\000a\000y\000\040\0000\000c\000o\000l\000o\000r\000\040\000p\000o\000p\000`\000v\000o\000l\000a\000t\000i\000v\000e\000`\000w\000g\000r\000a\000y\000c\000o\000l\000o\000r\000\040\000p\000u\000s\000h\000\040\000g\000r\000a\000y\000\040\0000\000c\000o\000l\000o\000r\000\040\000p\000o\000p\000t\000o\000w\000i\000d\000t\000h\000h\000e\000i\000g\000h\000t\000d\000e\000p\000t\000h\166\204\227\136\123\237\133\120\162\171\140\047}{section.3.4}% 43
\BOOKMARK [2][-]{subsection.3.4.3}{\376\377\136\070\165\050\166\204\123\237\133\120\174\173\217\333\210\114\201\352\130\236\201\352\121\317\144\315\117\134}{section.3.4}% 44
\BOOKMARK [1][-]{section.3.5}{\376\377\000C\000A\000S}{chapter.3}% 45
\BOOKMARK [2][-]{subsection.3.5.1}{\376\377\000A\000B\000A\225\356\230\230}{section.3.5}% 46
\BOOKMARK [1][-]{section.3.6}{\376\377\123\237\133\120\123\330\221\317\174\173}{chapter.3}% 47
\BOOKMARK [2][-]{subsection.3.6.1}{\376\377\000c\000o\000l\000o\000r\000\040\000p\000u\000s\000h\000\040\000g\000r\000a\000y\000\040\0000\000c\000o\000l\000o\000r\000\040\000p\000o\000p\000`\000A\000t\000o\000m\000i\000c\000L\000o\000n\000g\000`\000w\000g\000r\000a\000y\000c\000o\000l\000o\000r\000\040\000p\000u\000s\000h\000\040\000g\000r\000a\000y\000\040\0000\000c\000o\000l\000o\000r\000\040\000p\000o\000p\000t\000o\000w\000i\000d\000t\000h\000h\000e\000i\000g\000h\000t\000d\000e\000p\000t\000h}{section.3.6}% 48
\BOOKMARK [2][-]{subsection.3.6.2}{\376\377\000c\000o\000l\000o\000r\000\040\000p\000u\000s\000h\000\040\000g\000r\000a\000y\000\040\0000\000c\000o\000l\000o\000r\000\040\000p\000o\000p\000`\000A\000t\000o\000m\000i\000c\000I\000n\000t\000e\000g\000e\000r\000A\000r\000r\000a\000y\000`\000w\000g\000r\000a\000y\000c\000o\000l\000o\000r\000\040\000p\000u\000s\000h\000\040\000g\000r\000a\000y\000\040\0000\000c\000o\000l\000o\000r\000\040\000p\000o\000p\000t\000o\000w\000i\000d\000t\000h\000h\000e\000i\000g\000h\000t\000d\000e\000p\000t\000h}{section.3.6}% 49
\BOOKMARK [2][-]{subsection.3.6.3}{\376\377\000c\000o\000l\000o\000r\000\040\000p\000u\000s\000h\000\040\000g\000r\000a\000y\000\040\0000\000c\000o\000l\000o\000r\000\040\000p\000o\000p\000`\000A\000t\000o\000m\000i\000c\000I\000n\000t\000e\000g\000e\000r\000F\000i\000e\000l\000d\000U\000p\000d\000a\000t\000e\000r\000`\000w\000g\000r\000a\000y\000c\000o\000l\000o\000r\000\040\000p\000u\000s\000h\000\040\000g\000r\000a\000y\000\040\0000\000c\000o\000l\000o\000r\000\040\000p\000o\000p\000t\000o\000w\000i\000d\000t\000h\000h\000e\000i\000g\000h\000t\000d\000e\000p\000t\000h}{section.3.6}% 50
\BOOKMARK [2][-]{subsection.3.6.4}{\376\377\000c\000o\000l\000o\000r\000\040\000p\000u\000s\000h\000\040\000g\000r\000a\000y\000\040\0000\000c\000o\000l\000o\000r\000\040\000p\000o\000p\000`\000A\000t\000o\000m\000i\000c\000R\000e\000f\000e\000r\000e\000n\000c\000e\000`\000w\000g\000r\000a\000y\000c\000o\000l\000o\000r\000\040\000p\000u\000s\000h\000\040\000g\000r\000a\000y\000\040\0000\000c\000o\000l\000o\000r\000\040\000p\000o\000p\000t\000o\000w\000i\000d\000t\000h\000h\000e\000i\000g\000h\000t\000d\000e\000p\000t\000h}{section.3.6}% 51
\BOOKMARK [0][-]{chapter.4}{\376\377\176\277\172\013\225\364\220\032\117\341}{}% 52
\BOOKMARK [1][-]{section.4.1}{\376\377\173\111\137\205\000/\220\032\167\345\147\072\122\066}{chapter.4}% 53
\BOOKMARK [2][-]{subsection.4.1.1}{\376\377\116\300\116\110\146\057\173\111\137\205\000/\220\032\167\345\147\072\122\066}{section.4.1}% 54
\BOOKMARK [2][-]{subsection.4.1.2}{\376\377\173\111\137\205\000/\220\032\167\345\147\072\122\066\166\204\133\236\163\260}{section.4.1}% 55
\BOOKMARK [2][-]{subsection.4.1.3}{\376\377\000c\000o\000l\000o\000r\000\040\000p\000u\000s\000h\000\040\000g\000r\000a\000y\000\040\0000\000c\000o\000l\000o\000r\000\040\000p\000o\000p\000`\000i\000n\000t\000e\000r\000r\000u\000p\000t\000\050\000\051\000`\000w\000g\000r\000a\000y\000c\000o\000l\000o\000r\000\040\000p\000u\000s\000h\000\040\000g\000r\000a\000y\000\040\0000\000c\000o\000l\000o\000r\000\040\000p\000o\000p\000t\000o\000w\000i\000d\000t\000h\000h\000e\000i\000g\000h\000t\000d\000e\000p\000t\000h\145\271\154\325\117\032\116\055\145\255\000c\000o\000l\000o\000r\000\040\000p\000u\000s\000h\000\040\000g\000r\000a\000y\000\040\0000\000c\000o\000l\000o\000r\000\040\000p\000o\000p\000`\000w\000a\000i\000t\000\050\000\051\000`\000w\000g\000r\000a\000y\000c\000o\000l\000o\000r\000\040\000p\000u\000s\000h\000\040\000g\000r\000a\000y\000\040\0000\000c\000o\000l\000o\000r\000\040\000p\000o\000p\000t\000o\000w\000i\000d\000t\000h\000h\000e\000i\000g\000h\000t\000d\000e\000p\000t\000h}{section.4.1}% 56
\BOOKMARK [2][-]{subsection.4.1.4}{\376\377\000c\000o\000l\000o\000r\000\040\000p\000u\000s\000h\000\040\000g\000r\000a\000y\000\040\0000\000c\000o\000l\000o\000r\000\040\000p\000o\000p\000`\000n\000o\000t\000i\000f\000y\000\050\000\051\000`\000w\000g\000r\000a\000y\000c\000o\000l\000o\000r\000\040\000p\000u\000s\000h\000\040\000g\000r\000a\000y\000\040\0000\000c\000o\000l\000o\000r\000\040\000p\000o\000p\000t\000o\000w\000i\000d\000t\000h\000h\000e\000i\000g\000h\000t\000d\000e\000p\000t\000h\116\016\000c\000o\000l\000o\000r\000\040\000p\000u\000s\000h\000\040\000g\000r\000a\000y\000\040\0000\000c\000o\000l\000o\000r\000\040\000p\000o\000p\000`\000n\000o\000t\000i\000f\000y\000A\000l\000l\000\050\000\051\000`\000w\000g\000r\000a\000y\000c\000o\000l\000o\000r\000\040\000p\000u\000s\000h\000\040\000g\000r\000a\000y\000\040\0000\000c\000o\000l\000o\000r\000\040\000p\000o\000p\000t\000o\000w\000i\000d\000t\000h\000h\000e\000i\000g\000h\000t\000d\000e\000p\000t\000h}{section.4.1}% 57
\BOOKMARK [2][-]{subsection.4.1.5}{\376\377\000c\000o\000l\000o\000r\000\040\000p\000u\000s\000h\000\040\000g\000r\000a\000y\000\040\0000\000c\000o\000l\000o\000r\000\040\000p\000o\000p\000`\000w\000a\000i\000t\000\050\000l\000o\000n\000g\000\051\000`\000w\000g\000r\000a\000y\000c\000o\000l\000o\000r\000\040\000p\000u\000s\000h\000\040\000g\000r\000a\000y\000\040\0000\000c\000o\000l\000o\000r\000\040\000p\000o\000p\000t\000o\000w\000i\000d\000t\000h\000h\000e\000i\000g\000h\000t\000d\000e\000p\000t\000h\166\204\117\177\165\050}{section.4.1}% 58
\BOOKMARK [2][-]{subsection.4.1.6}{\376\377\220\032\167\345\217\307\145\351}{section.4.1}% 59
\BOOKMARK [2][-]{subsection.4.1.7}{\376\377\000c\000o\000l\000o\000r\000\040\000p\000u\000s\000h\000\040\000g\000r\000a\000y\000\040\0000\000c\000o\000l\000o\000r\000\040\000p\000o\000p\000`\000w\000a\000i\000t\000\050\000\051\000`\000w\000g\000r\000a\000y\000c\000o\000l\000o\000r\000\040\000p\000u\000s\000h\000\040\000g\000r\000a\000y\000\040\0000\000c\000o\000l\000o\000r\000\040\000p\000o\000p\000t\000o\000w\000i\000d\000t\000h\000h\000e\000i\000g\000h\000t\000d\000e\000p\000t\000h\173\111\137\205\166\204\147\141\116\366\123\321\165\037\116\206\123\330\123\026}{section.4.1}% 60
\BOOKMARK [2][-]{subsection.4.1.8}{\376\377\165\037\116\247\200\005\155\210\215\071\200\005\152\041\137\017}{section.4.1}% 61
\BOOKMARK [1][-]{section.4.2}{\376\377\220\032\217\307\173\241\220\123\155\101\133\236\163\260\176\277\172\013\225\364\166\204\220\032\117\341}{chapter.4}% 62
\BOOKMARK [1][-]{section.4.3}{\376\377\000c\000o\000l\000o\000r\000\040\000p\000u\000s\000h\000\040\000g\000r\000a\000y\000\040\0000\000c\000o\000l\000o\000r\000\040\000p\000o\000p\000`\000T\000h\000r\000e\000a\000d\000L\000o\000c\000a\000l\000`\000w\000g\000r\000a\000y\000c\000o\000l\000o\000r\000\040\000p\000u\000s\000h\000\040\000g\000r\000a\000y\000\040\0000\000c\000o\000l\000o\000r\000\040\000p\000o\000p\000t\000o\000w\000i\000d\000t\000h\000h\000e\000i\000g\000h\000t\000d\000e\000p\000t\000h\166\204\117\177\165\050}{chapter.4}% 63
\BOOKMARK [2][-]{subsection.4.3.1}{\376\377\122\035\131\313\123\026\000c\000o\000l\000o\000r\000\040\000p\000u\000s\000h\000\040\000g\000r\000a\000y\000\040\0000\000c\000o\000l\000o\000r\000\040\000p\000o\000p\000`\000T\000h\000r\000e\000a\000d\000L\000o\000c\000a\000l\000`\000w\000g\000r\000a\000y\000c\000o\000l\000o\000r\000\040\000p\000u\000s\000h\000\040\000g\000r\000a\000y\000\040\0000\000c\000o\000l\000o\000r\000\040\000p\000o\000p\000t\000o\000w\000i\000d\000t\000h\000h\000e\000i\000g\000h\000t\000d\000e\000p\000t\000h\166\204\120\074}{section.4.3}% 64
\BOOKMARK [0][-]{chapter.5}{\376\377\000c\000o\000l\000o\000r\000\040\000p\000u\000s\000h\000\040\000g\000r\000a\000y\000\040\0000\000c\000o\000l\000o\000r\000\040\000p\000o\000p\000`\000L\000o\000c\000k\000`\000w\000g\000r\000a\000y\000c\000o\000l\000o\000r\000\040\000p\000u\000s\000h\000\040\000g\000r\000a\000y\000\040\0000\000c\000o\000l\000o\000r\000\040\000p\000o\000p\000t\000o\000w\000i\000d\000t\000h\000h\000e\000i\000g\000h\000t\000d\000e\000p\000t\000h\146\076\171\072\225\001}{}% 65
\BOOKMARK [1][-]{section.5.1}{\376\377\225\001\166\204\123\357\221\315\121\145\140\047}{chapter.5}% 66
\BOOKMARK [1][-]{section.5.2}{\376\377\000c\000o\000l\000o\000r\000\040\000p\000u\000s\000h\000\040\000g\000r\000a\000y\000\040\0000\000c\000o\000l\000o\000r\000\040\000p\000o\000p\000`\000R\000e\000e\000n\000t\000r\000a\000n\000t\000L\000o\000c\000k\000`\000w\000g\000r\000a\000y\000c\000o\000l\000o\000r\000\040\000p\000u\000s\000h\000\040\000g\000r\000a\000y\000\040\0000\000c\000o\000l\000o\000r\000\040\000p\000o\000p\000t\000o\000w\000i\000d\000t\000h\000h\000e\000i\000g\000h\000t\000d\000e\000p\000t\000h}{chapter.5}% 67
\BOOKMARK [2][-]{subsection.5.2.1}{\376\377\000c\000o\000l\000o\000r\000\040\000p\000u\000s\000h\000\040\000g\000r\000a\000y\000\040\0000\000c\000o\000l\000o\000r\000\040\000p\000o\000p\000`\000R\000e\000e\000n\000t\000r\000a\000n\000t\000L\000o\000c\000k\000`\000w\000g\000r\000a\000y\000c\000o\000l\000o\000r\000\040\000p\000u\000s\000h\000\040\000g\000r\000a\000y\000\040\0000\000c\000o\000l\000o\000r\000\040\000p\000o\000p\000t\000o\000w\000i\000d\000t\000h\000h\000e\000i\000g\000h\000t\000d\000e\000p\000t\000h\166\204\127\372\147\054\117\177\165\050}{section.5.2}% 68
\BOOKMARK [2][-]{subsection.5.2.2}{\376\377\000c\000o\000l\000o\000r\000\040\000p\000u\000s\000h\000\040\000g\000r\000a\000y\000\040\0000\000c\000o\000l\000o\000r\000\040\000p\000o\000p\000`\000l\000o\000c\000k\000I\000n\000t\000e\000r\000r\000u\000p\000t\000i\000b\000l\000y\000\050\000\051\000`\000w\000g\000r\000a\000y\000c\000o\000l\000o\000r\000\040\000p\000u\000s\000h\000\040\000g\000r\000a\000y\000\040\0000\000c\000o\000l\000o\000r\000\040\000p\000o\000p\000t\000o\000w\000i\000d\000t\000h\000h\000e\000i\000g\000h\000t\000d\000e\000p\000t\000h}{section.5.2}% 69
\BOOKMARK [2][-]{subsection.5.2.3}{\376\377\000c\000o\000l\000o\000r\000\040\000p\000u\000s\000h\000\040\000g\000r\000a\000y\000\040\0000\000c\000o\000l\000o\000r\000\040\000p\000o\000p\000`\000t\000r\000y\000L\000o\000c\000k\000\050\000\051\000`\000w\000g\000r\000a\000y\000c\000o\000l\000o\000r\000\040\000p\000u\000s\000h\000\040\000g\000r\000a\000y\000\040\0000\000c\000o\000l\000o\000r\000\040\000p\000o\000p\000t\000o\000w\000i\000d\000t\000h\000h\000e\000i\000g\000h\000t\000d\000e\000p\000t\000h\145\271\154\325}{section.5.2}% 70
\BOOKMARK [2][-]{subsection.5.2.4}{\376\377\121\154\136\163\225\001\116\016\227\136\121\154\136\163\225\001}{section.5.2}% 71
\BOOKMARK [2][-]{subsection.5.2.5}{\376\377\121\340\116\052\136\070\165\050\166\204\145\271\154\325}{section.5.2}% 72
\BOOKMARK [1][-]{section.5.3}{\376\377\000c\000o\000l\000o\000r\000\040\000p\000u\000s\000h\000\040\000g\000r\000a\000y\000\040\0000\000c\000o\000l\000o\000r\000\040\000p\000o\000p\000`\000R\000e\000e\000n\000t\000r\000a\000n\000t\000R\000e\000a\000d\000W\000r\000i\000t\000e\000L\000o\000c\000k\000`\000w\000g\000r\000a\000y\000c\000o\000l\000o\000r\000\040\000p\000u\000s\000h\000\040\000g\000r\000a\000y\000\040\0000\000c\000o\000l\000o\000r\000\040\000p\000o\000p\000t\000o\000w\000i\000d\000t\000h\000h\000e\000i\000g\000h\000t\000d\000e\000p\000t\000h\213\373\121\231\225\001}{chapter.5}% 73
\BOOKMARK [2][-]{subsection.5.3.1}{\376\377\213\373\225\001}{section.5.3}% 74
\BOOKMARK [2][-]{subsection.5.3.2}{\376\377\121\231\225\001}{section.5.3}% 75
\BOOKMARK [2][-]{subsection.5.3.3}{\376\377\000c\000o\000l\000o\000r\000\040\000p\000u\000s\000h\000\040\000g\000r\000a\000y\000\040\0000\000c\000o\000l\000o\000r\000\040\000p\000o\000p\000`\000R\000e\000a\000d\000W\000r\000i\000t\000e\000L\000o\000c\000k\000`\000w\000g\000r\000a\000y\000c\000o\000l\000o\000r\000\040\000p\000u\000s\000h\000\040\000g\000r\000a\000y\000\040\0000\000c\000o\000l\000o\000r\000\040\000p\000o\000p\000t\000o\000w\000i\000d\000t\000h\000h\000e\000i\000g\000h\000t\000d\000e\000p\000t\000h\143\245\123\343}{section.5.3}% 76
\BOOKMARK [2][-]{subsection.5.3.4}{\376\377\213\373\121\231\225\001\166\204\127\372\147\054\117\177\165\050\145\271\154\325}{section.5.3}% 77
\BOOKMARK [0][-]{chapter.6}{\376\377\176\277\172\013\173\241\164\006}{}% 78
\BOOKMARK [1][-]{section.6.1}{\376\377\176\277\172\013\176\304}{chapter.6}% 79
\BOOKMARK [2][-]{subsection.6.1.1}{\376\377\213\276\177\156\133\210\142\244\176\277\172\013\176\304}{section.6.1}% 80
\BOOKMARK [1][-]{section.6.2}{\376\377\143\125\203\267\176\277\172\013\166\204\142\147\210\114\137\002\136\070}{chapter.6}% 81
\BOOKMARK [1][-]{section.6.3}{\376\377\154\350\121\145\000H\000o\000o\000k\224\251\133\120\176\277\172\013}{chapter.6}% 82
\BOOKMARK [1][-]{section.6.4}{\376\377\176\277\172\013\154\140}{chapter.6}% 83
\BOOKMARK [2][-]{subsection.6.4.1}{\376\377\176\277\172\013\154\140\166\204\133\232\116\111}{section.6.4}% 84
\BOOKMARK [2][-]{subsection.6.4.2}{\376\377\000J\000D\000K\133\371\176\277\172\013\154\140\166\204\145\057\143\001}{section.6.4}% 85
\BOOKMARK [2][-]{subsection.6.4.3}{\376\377\176\277\172\013\154\140\166\204\127\372\147\054\117\177\165\050}{section.6.4}% 86
\BOOKMARK [2][-]{subsection.6.4.4}{\376\377\150\070\137\303\176\277\172\013\154\140\166\204\136\225\134\102\133\236\163\260}{section.6.4}% 87
\BOOKMARK [2][-]{subsection.6.4.5}{\376\377\142\322\176\335\173\126\165\145}{section.6.4}% 88
\BOOKMARK [2][-]{subsection.6.4.6}{\376\377\000c\000o\000l\000o\000r\000\040\000p\000u\000s\000h\000\040\000g\000r\000a\000y\000\040\0000\000c\000o\000l\000o\000r\000\040\000p\000o\000p\000`\000T\000h\000r\000e\000a\000d\000F\000a\000c\000t\000o\000r\000y\000`\000w\000g\000r\000a\000y\000c\000o\000l\000o\000r\000\040\000p\000u\000s\000h\000\040\000g\000r\000a\000y\000\040\0000\000c\000o\000l\000o\000r\000\040\000p\000o\000p\000t\000o\000w\000i\000d\000t\000h\000h\000e\000i\000g\000h\000t\000d\000e\000p\000t\000h}{section.6.4}% 89
\BOOKMARK [2][-]{subsection.6.4.7}{\376\377\166\321\143\247\176\277\172\013\154\140}{section.6.4}% 90
\BOOKMARK [2][-]{subsection.6.4.8}{\376\377\142\151\134\125\176\277\172\013\154\140}{section.6.4}% 91
\BOOKMARK [2][-]{subsection.6.4.9}{\376\377\117\030\123\026\176\277\172\013\154\140\145\160\221\317}{section.6.4}% 92
\BOOKMARK [2][-]{subsection.6.4.10}{\376\377\176\277\172\013\154\140\153\173\225\001}{section.6.4}% 93
\BOOKMARK [2][-]{subsection.6.4.11}{\376\377\176\277\172\013\154\140\116\055\166\204\137\002\136\070\131\004\164\006}{section.6.4}% 94
\BOOKMARK [2][-]{subsection.6.4.12}{\376\377\000c\000o\000l\000o\000r\000\040\000p\000u\000s\000h\000\040\000g\000r\000a\000y\000\040\0000\000c\000o\000l\000o\000r\000\040\000p\000o\000p\000`\000F\000o\000r\000k\000J\000o\000i\000n\000P\000o\000o\000l\000`\000w\000g\000r\000a\000y\000c\000o\000l\000o\000r\000\040\000p\000u\000s\000h\000\040\000g\000r\000a\000y\000\040\0000\000c\000o\000l\000o\000r\000\040\000p\000o\000p\000t\000o\000w\000i\000d\000t\000h\000h\000e\000i\000g\000h\000t\000d\000e\000p\000t\000h\176\277\172\013\154\140}{section.6.4}% 95
\BOOKMARK [0][-]{chapter.7}{\376\377\117\335\226\234\176\277\172\013\133\211\121\150\166\204\213\276\213\241\142\200\147\057}{}% 96
\BOOKMARK [1][-]{section.7.1}{\376\377\000J\000a\000v\000a\217\320\210\114\145\366\133\130\120\250\172\172\225\364}{chapter.7}% 97
\BOOKMARK [1][-]{section.7.2}{\376\377\145\340\162\266\140\001\133\371\214\141}{chapter.7}% 98
\BOOKMARK [1][-]{section.7.3}{\376\377\116\015\123\357\123\330\133\371\214\141}{chapter.7}% 99
\BOOKMARK [1][-]{section.7.4}{\376\377\176\277\172\013\162\171\147\011\133\371\214\141}{chapter.7}% 100
\BOOKMARK [1][-]{section.7.5}{\376\377\210\305\231\160\126\150\152\041\137\017}{chapter.7}% 101
