\BOOKMARK [0][-]{chapter.1}{\376\377\000J\000a\000v\000a\000S\000E}{}% 1
\BOOKMARK [1][-]{section.1.1}{\376\377\163\257\130\203}{chapter.1}% 2
\BOOKMARK [2][-]{subsection.1.1.1}{\376\377\127\372\170\100\151\202\137\365}{section.1.1}% 3
\BOOKMARK [2][-]{subsection.1.1.2}{\376\377\177\026\213\321\000J\000a\000v\000a\172\013\136\217}{section.1.1}% 4
\BOOKMARK [2][-]{subsection.1.1.3}{\376\377\226\306\142\020\137\000\123\321\163\257\130\203}{section.1.1}% 5
\BOOKMARK [1][-]{section.1.2}{\376\377\123\330\221\317\124\214\174\173\127\213}{chapter.1}% 6
\BOOKMARK [2][-]{subsection.1.2.1}{\376\377\123\330\221\317}{section.1.2}% 7
\BOOKMARK [2][-]{subsection.1.2.2}{\376\377\136\070\221\317}{section.1.2}% 8
\BOOKMARK [2][-]{subsection.1.2.3}{\376\377\121\205\177\156\174\173\127\213}{section.1.2}% 9
\BOOKMARK [2][-]{subsection.1.2.4}{\376\377\137\025\165\050\174\173\127\213}{section.1.2}% 10
\BOOKMARK [2][-]{subsection.1.2.5}{\376\377\174\173\127\213\217\154\143\142}{section.1.2}% 11
\BOOKMARK [2][-]{subsection.1.2.6}{\376\377\123\330\221\317\166\204\117\134\165\050\127\337}{section.1.2}% 12
\BOOKMARK [2][-]{subsection.1.2.7}{\376\377\123\330\221\317\166\204\124\175\124\015\211\304\203\003}{section.1.2}% 13
\BOOKMARK [1][-]{section.1.3}{\376\377\217\320\173\227\173\046}{chapter.1}% 14
\BOOKMARK [1][-]{section.1.4}{\376\377\154\350\221\312}{chapter.1}% 15
\BOOKMARK [1][-]{section.1.5}{\376\377\121\163\225\056\133\127}{chapter.1}% 16
\BOOKMARK [1][-]{section.1.6}{\376\377\122\006\145\057\124\214\137\252\163\257\213\355\123\345}{chapter.1}% 17
\BOOKMARK [2][-]{subsection.1.6.1}{\376\377\122\006\145\057\213\355\123\345}{section.1.6}% 18
\BOOKMARK [2][-]{subsection.1.6.2}{\376\377\137\252\163\257\213\355\123\345}{section.1.6}% 19
\BOOKMARK [1][-]{section.1.7}{\376\377\217\223\121\145\124\214\217\223\121\372}{chapter.1}% 20
\BOOKMARK [2][-]{subsection.1.7.1}{\376\377\217\223\121\372}{section.1.7}% 21
\BOOKMARK [2][-]{subsection.1.7.2}{\376\377\217\223\121\145}{section.1.7}% 22
\BOOKMARK [1][-]{section.1.8}{\376\377\145\271\154\325}{chapter.1}% 23
\BOOKMARK [1][-]{section.1.9}{\376\377\145\160\176\304}{chapter.1}% 24
\BOOKMARK [1][-]{section.1.10}{\376\377\227\142\124\021\133\371\214\141}{chapter.1}% 25
\BOOKMARK [2][-]{subsection.1.10.1}{\376\377\174\173\124\214\133\371\214\141\166\204\151\202\137\365}{section.1.10}% 26
\BOOKMARK [2][-]{subsection.1.10.2}{\376\377\127\372\147\054\213\355\154\325}{section.1.10}% 27
\BOOKMARK [2][-]{subsection.1.10.3}{\376\377\000c\000o\000l\000o\000r\000\040\000p\000u\000s\000h\000\040\000g\000r\000a\000y\000\040\0000\000c\000o\000l\000o\000r\000\040\000p\000o\000p\000`\000t\000h\000i\000s\000`\000w\000g\000r\000a\000y\000c\000o\000l\000o\000r\000\040\000p\000u\000s\000h\000\040\000g\000r\000a\000y\000\040\0000\000c\000o\000l\000o\000r\000\040\000p\000o\000p\000t\000o\000w\000i\000d\000t\000h\000h\000e\000i\000g\000h\000t\000d\000e\000p\000t\000h\121\163\225\056\133\127}{section.1.10}% 28
\BOOKMARK [2][-]{subsection.1.10.4}{\376\377\133\371\214\141\166\204\122\035\131\313\123\026}{section.1.10}% 29
\BOOKMARK [2][-]{subsection.1.10.5}{\376\377\000c\000o\000l\000o\000r\000\040\000p\000u\000s\000h\000\040\000g\000r\000a\000y\000\040\0000\000c\000o\000l\000o\000r\000\040\000p\000o\000p\000`\000t\000o\000S\000t\000r\000i\000n\000g\000`\000w\000g\000r\000a\000y\000c\000o\000l\000o\000r\000\040\000p\000u\000s\000h\000\040\000g\000r\000a\000y\000\040\0000\000c\000o\000l\000o\000r\000\040\000p\000o\000p\000t\000o\000w\000i\000d\000t\000h\000h\000e\000i\000g\000h\000t\000d\000e\000p\000t\000h}{section.1.10}% 30
\BOOKMARK [1][-]{section.1.11}{\376\377\123\005}{chapter.1}% 31
\BOOKMARK [2][-]{subsection.1.11.1}{\376\377\136\070\211\301\166\204\174\373\176\337\123\005}{section.1.11}% 32
\BOOKMARK [2][-]{subsection.1.11.2}{\376\377\000c\000o\000l\000o\000r\000\040\000p\000u\000s\000h\000\040\000g\000r\000a\000y\000\040\0000\000c\000o\000l\000o\000r\000\040\000p\000o\000p\000`\000s\000t\000a\000t\000i\000c\000`\000w\000g\000r\000a\000y\000c\000o\000l\000o\000r\000\040\000p\000u\000s\000h\000\040\000g\000r\000a\000y\000\040\0000\000c\000o\000l\000o\000r\000\040\000p\000o\000p\000t\000o\000w\000i\000d\000t\000h\000h\000e\000i\000g\000h\000t\000d\000e\000p\000t\000h\121\163\225\056\133\127}{section.1.11}% 33
\BOOKMARK [2][-]{subsection.1.11.3}{\376\377\227\131\140\001\133\374\121\145\123\005}{section.1.11}% 34
\BOOKMARK [1][-]{section.1.12}{\376\377\213\277\225\356\226\120\133\232\173\046}{chapter.1}% 35
\BOOKMARK [2][-]{subsection.1.12.1}{\376\377\000c\000o\000l\000o\000r\000\040\000p\000u\000s\000h\000\040\000g\000r\000a\000y\000\040\0000\000c\000o\000l\000o\000r\000\040\000p\000o\000p\000`\000p\000u\000b\000l\000i\000c\000`\000w\000g\000r\000a\000y\000c\000o\000l\000o\000r\000\040\000p\000u\000s\000h\000\040\000g\000r\000a\000y\000\040\0000\000c\000o\000l\000o\000r\000\040\000p\000o\000p\000t\000o\000w\000i\000d\000t\000h\000h\000e\000i\000g\000h\000t\000d\000e\000p\000t\000h}{section.1.12}% 36
\BOOKMARK [2][-]{subsection.1.12.2}{\376\377\000c\000o\000l\000o\000r\000\040\000p\000u\000s\000h\000\040\000g\000r\000a\000y\000\040\0000\000c\000o\000l\000o\000r\000\040\000p\000o\000p\000`\000p\000r\000i\000v\000a\000t\000e\000`\000w\000g\000r\000a\000y\000c\000o\000l\000o\000r\000\040\000p\000u\000s\000h\000\040\000g\000r\000a\000y\000\040\0000\000c\000o\000l\000o\000r\000\040\000p\000o\000p\000t\000o\000w\000i\000d\000t\000h\000h\000e\000i\000g\000h\000t\000d\000e\000p\000t\000h}{section.1.12}% 37
\BOOKMARK [2][-]{subsection.1.12.3}{\376\377\000c\000o\000l\000o\000r\000\040\000p\000u\000s\000h\000\040\000g\000r\000a\000y\000\040\0000\000c\000o\000l\000o\000r\000\040\000p\000o\000p\000`\000p\000r\000o\000t\000e\000c\000t\000e\000d\000`\000w\000g\000r\000a\000y\000c\000o\000l\000o\000r\000\040\000p\000u\000s\000h\000\040\000g\000r\000a\000y\000\040\0000\000c\000o\000l\000o\000r\000\040\000p\000o\000p\000t\000o\000w\000i\000d\000t\000h\000h\000e\000i\000g\000h\000t\000d\000e\000p\000t\000h}{section.1.12}% 38
\BOOKMARK [2][-]{subsection.1.12.4}{\376\377\000c\000o\000l\000o\000r\000\040\000p\000u\000s\000h\000\040\000g\000r\000a\000y\000\040\0000\000c\000o\000l\000o\000r\000\040\000p\000o\000p\000`\000d\000e\000f\000a\000u\000l\000t\000`\000w\000g\000r\000a\000y\000c\000o\000l\000o\000r\000\040\000p\000u\000s\000h\000\040\000g\000r\000a\000y\000\040\0000\000c\000o\000l\000o\000r\000\040\000p\000o\000p\000t\000o\000w\000i\000d\000t\000h\000h\000e\000i\000g\000h\000t\000d\000e\000p\000t\000h}{section.1.12}% 39
\BOOKMARK [1][-]{section.1.13}{\376\377\121\205\220\350\174\173}{chapter.1}% 40
\BOOKMARK [1][-]{section.1.14}{\376\377\150\010\130\006}{chapter.1}% 41
\BOOKMARK [1][-]{section.1.15}{\376\377\000c\000o\000l\000o\000r\000\040\000p\000u\000s\000h\000\040\000g\000r\000a\000y\000\040\0000\000c\000o\000l\000o\000r\000\040\000p\000o\000p\000`\000S\000t\000r\000i\000n\000g\000`\000w\000g\000r\000a\000y\000c\000o\000l\000o\000r\000\040\000p\000u\000s\000h\000\040\000g\000r\000a\000y\000\040\0000\000c\000o\000l\000o\000r\000\040\000p\000o\000p\000t\000o\000w\000i\000d\000t\000h\000h\000e\000i\000g\000h\000t\000d\000e\000p\000t\000h\174\173}{chapter.1}% 42
\BOOKMARK [2][-]{subsection.1.15.1}{\376\377\122\033\136\372\133\127\173\046\116\062}{section.1.15}% 43
\BOOKMARK [2][-]{subsection.1.15.2}{\376\377\133\127\173\046\116\062\153\324\217\203}{section.1.15}% 44
\BOOKMARK [2][-]{subsection.1.15.3}{\376\377\133\127\173\046\116\062\136\070\221\317\154\140}{section.1.15}% 45
\BOOKMARK [2][-]{subsection.1.15.4}{\376\377\133\127\173\046\116\062\116\015\123\357\123\330}{section.1.15}% 46
\BOOKMARK [2][-]{subsection.1.15.5}{\376\377\133\127\173\046\116\062\060\001\133\127\173\046\060\001\133\127\202\202}{section.1.15}% 47
\BOOKMARK [2][-]{subsection.1.15.6}{\376\377\133\127\173\046\116\062\136\070\211\301\144\315\117\134}{section.1.15}% 48
\BOOKMARK [2][-]{subsection.1.15.7}{\376\377\000c\000o\000l\000o\000r\000\040\000p\000u\000s\000h\000\040\000g\000r\000a\000y\000\040\0000\000c\000o\000l\000o\000r\000\040\000p\000o\000p\000`\000S\000t\000r\000i\000n\000g\000B\000u\000f\000f\000e\000r\000`\000w\000g\000r\000a\000y\000c\000o\000l\000o\000r\000\040\000p\000u\000s\000h\000\040\000g\000r\000a\000y\000\040\0000\000c\000o\000l\000o\000r\000\040\000p\000o\000p\000t\000o\000w\000i\000d\000t\000h\000h\000e\000i\000g\000h\000t\000d\000e\000p\000t\000h\124\214\000c\000o\000l\000o\000r\000\040\000p\000u\000s\000h\000\040\000g\000r\000a\000y\000\040\0000\000c\000o\000l\000o\000r\000\040\000p\000o\000p\000`\000S\000t\000r\000i\000n\000g\000B\000u\000i\000l\000d\000e\000r\000`\000w\000g\000r\000a\000y\000c\000o\000l\000o\000r\000\040\000p\000u\000s\000h\000\040\000g\000r\000a\000y\000\040\0000\000c\000o\000l\000o\000r\000\040\000p\000o\000p\000t\000o\000w\000i\000d\000t\000h\000h\000e\000i\000g\000h\000t\000d\000e\000p\000t\000h}{section.1.15}% 49
\BOOKMARK [1][-]{section.1.16}{\376\377\227\142\124\021\133\371\214\141}{chapter.1}% 50
\BOOKMARK [2][-]{subsection.1.16.1}{\376\377\176\347\142\177}{section.1.16}% 51
\BOOKMARK [2][-]{subsection.1.16.2}{\376\377\176\304\124\010}{section.1.16}% 52
\BOOKMARK [2][-]{subsection.1.16.3}{\376\377\131\032\140\001}{section.1.16}% 53
\BOOKMARK [2][-]{subsection.1.16.4}{\376\377\124\021\116\012\217\154\127\213}{section.1.16}% 54
\BOOKMARK [2][-]{subsection.1.16.5}{\376\377\122\250\140\001\176\321\133\232}{section.1.16}% 55
\BOOKMARK [2][-]{subsection.1.16.6}{\376\377\145\271\154\325\221\315\121\231}{section.1.16}% 56
\BOOKMARK [2][-]{subsection.1.16.7}{\376\377\164\006\211\343\131\032\140\001}{section.1.16}% 57
\BOOKMARK [2][-]{subsection.1.16.8}{\376\377\124\021\116\013\217\154\127\213}{section.1.16}% 58
\BOOKMARK [2][-]{subsection.1.16.9}{\376\377\127\050\147\204\220\040\145\271\154\325\116\055\214\003\165\050\221\315\121\231\166\204\116\000\116\052\145\271\154\325}{section.1.16}% 59
\BOOKMARK [2][-]{subsection.1.16.10}{\376\377\142\275\214\141\174\173\124\214\143\245\123\343}{section.1.16}% 60
\BOOKMARK [1][-]{section.1.17}{\376\377\131\004\164\006\137\002\136\070}{chapter.1}% 61
\BOOKMARK [1][-]{section.1.18}{\376\377\154\333\127\213}{chapter.1}% 62
\BOOKMARK [2][-]{subsection.1.18.1}{\376\377\174\173\127\213\217\271\165\114}{section.1.18}% 63
